Building DAG of jobs...
Using shell: /bin/bash
Provided cores: 1 (use --cores to define parallelism)
Rules claiming more threads will be scaled down.
Job stats:
job                    count
-------------------  -------
align_assemblies_fa        1
align_rawreads             1
all                        1
parse_alignments           1
predict_virulence          1
total                      5

Select jobs to execute...

[Mon Oct 16 15:42:53 2023]
rule align_assemblies_fa:
    input: /Users/algm/bin/LmonoPred/data/testset_input/List_001.fa
    output: /Users/algm/Benchmarking_paper_test/test_align/vir_align_out/List_001_tblastxout.txt
    jobid: 3
    reason: Code has changed since last execution
    wildcards: sample=List_001
    resources: tmpdir=/var/folders/l4/zrzftwh119v2b4r9lzxqp9n80000gp/T

[Mon Oct 16 15:42:53 2023]
Error in rule align_assemblies_fa:
    jobid: 3
    input: /Users/algm/bin/LmonoPred/data/testset_input/List_001.fa
    output: /Users/algm/Benchmarking_paper_test/test_align/vir_align_out/List_001_tblastxout.txt
    shell:
        tblastx -query data/databases/vir_pan_genome_reference_finalmodel_featurefilt.fa -subject /Users/algm/bin/LmonoPred/data/testset_input/List_001.fa -outfmt 6 -out /Users/algm/Benchmarking_paper_test/test_align/vir_align_out/List_001_tblastxout.txt -evalue 0.001 -max_hsps 1
        (one of the commands exited with non-zero exit code; note that snakemake uses bash strict mode!)

Shutting down, this might take some time.
Exiting because a job execution failed. Look above for error message
Complete log: .snakemake/log/2023-10-16T154230.174834.snakemake.log
