Building DAG of jobs...
Using shell: /bin/bash
Provided cores: 1 (use --cores to define parallelism)
Rules claiming more threads will be scaled down.
Job stats:
job                           count
--------------------------  -------
all                               1
disinf_align_assemblies_fa        1
disinf_align_rawreads             1
disinf_parse_alignments           1
total                             4

Select jobs to execute...

[Sun Oct 15 16:22:29 2023]
rule disinf_align_assemblies_fa:
    input: /Users/algm/bin/LmonoPred/data/testset_input/List_001.fa
    output: /Users/algm/Benchmarking_paper_test/test_align/disinf_align_out/List_001_tblastxout.txt
    jobid: 2
    reason: Missing output files: /Users/algm/Benchmarking_paper_test/test_align/disinf_align_out/List_001_tblastxout.txt
    wildcards: sample=List_001
    resources: tmpdir=/var/folders/l4/zrzftwh119v2b4r9lzxqp9n80000gp/T

[Sun Oct 15 16:32:52 2023]
Finished job 2.
1 of 4 steps (25%) done
Select jobs to execute...

[Sun Oct 15 16:32:52 2023]
rule disinf_align_rawreads:
    input: /Users/algm/bin/LmonoPred/data/testset_input/List_002_R1.fastq.gz, /Users/algm/bin/LmonoPred/data/testset_input/List_002_R2.fastq.gz
    output: /Users/algm/Benchmarking_paper_test/test_align/disinf_align_out/List_002_kmaout.res
    jobid: 3
    reason: Missing output files: /Users/algm/Benchmarking_paper_test/test_align/disinf_align_out/List_002_kmaout.res
    wildcards: sample=List_002
    resources: tmpdir=/var/folders/l4/zrzftwh119v2b4r9lzxqp9n80000gp/T

[Sun Oct 15 16:33:41 2023]
Finished job 3.
2 of 4 steps (50%) done
Select jobs to execute...

[Sun Oct 15 16:33:41 2023]
rule disinf_parse_alignments:
    input: /Users/algm/Benchmarking_paper_test/test_align/disinf_align_out/List_001_tblastxout.txt, /Users/algm/Benchmarking_paper_test/test_align/disinf_align_out/List_002_kmaout.res
    output: /Users/algm/Benchmarking_paper_test/test_align/disinf_align_out/disinf_align_identities_out.csv
    jobid: 1
    reason: Missing output files: /Users/algm/Benchmarking_paper_test/test_align/disinf_align_out/disinf_align_identities_out.csv; Input files updated by another job: /Users/algm/Benchmarking_paper_test/test_align/disinf_align_out/List_002_kmaout.res, /Users/algm/Benchmarking_paper_test/test_align/disinf_align_out/List_001_tblastxout.txt
    resources: tmpdir=/var/folders/l4/zrzftwh119v2b4r9lzxqp9n80000gp/T

[Sun Oct 15 16:33:44 2023]
Finished job 1.
3 of 4 steps (75%) done
Select jobs to execute...

[Sun Oct 15 16:33:44 2023]
localrule all:
    input: /Users/algm/Benchmarking_paper_test/test_align/disinf_align_out/disinf_align_identities_out.csv
    jobid: 0
    reason: Input files updated by another job: /Users/algm/Benchmarking_paper_test/test_align/disinf_align_out/disinf_align_identities_out.csv
    resources: tmpdir=/var/folders/l4/zrzftwh119v2b4r9lzxqp9n80000gp/T

[Sun Oct 15 16:33:44 2023]
Finished job 0.
4 of 4 steps (100%) done
Complete log: .snakemake/log/2023-10-15T162229.215897.snakemake.log
