Building DAG of jobs...
Using shell: /bin/bash
Provided cores: 1 (use --cores to define parallelism)
Rules claiming more threads will be scaled down.
Job stats:
job                 count
----------------  -------
all                     1
parse_alignments        1
total                   2

Select jobs to execute...

[Sun Oct 15 15:05:57 2023]
rule parse_alignments:
    input: /Users/algm/Benchmarking_paper_test/test_align/vir_align_out/List_001_tblastxout.txt, /Users/algm/Benchmarking_paper_test/test_align/vir_align_out/List_002_kmaout.res
    output: /Users/algm/Benchmarking_paper_test/test_align/vir_align_out/vir_align_identities_out.csv
    jobid: 1
    reason: Missing output files: /Users/algm/Benchmarking_paper_test/test_align/vir_align_out/vir_align_identities_out.csv
    resources: tmpdir=/var/folders/l4/zrzftwh119v2b4r9lzxqp9n80000gp/T

[Sun Oct 15 15:05:58 2023]
Finished job 1.
1 of 2 steps (50%) done
Select jobs to execute...

[Sun Oct 15 15:05:58 2023]
localrule all:
    input: /Users/algm/Benchmarking_paper_test/test_align/vir_align_out/vir_align_identities_out.csv
    jobid: 0
    reason: Input files updated by another job: /Users/algm/Benchmarking_paper_test/test_align/vir_align_out/vir_align_identities_out.csv
    resources: tmpdir=/var/folders/l4/zrzftwh119v2b4r9lzxqp9n80000gp/T

[Sun Oct 15 15:05:58 2023]
Finished job 0.
2 of 2 steps (100%) done
Complete log: .snakemake/log/2023-10-15T150556.529810.snakemake.log
