Building DAG of jobs...
Using shell: /bin/bash
Provided cores: 1 (use --cores to define parallelism)
Rules claiming more threads will be scaled down.
Job stats:
job                           count
--------------------------  -------
all                               1
disinf_align_assemblies_fa        1
disinf_align_rawreads             1
disinf_parse_alignments           1
predict_disinftolerance           1
total                             5

Select jobs to execute...

[Mon Oct 16 16:13:12 2023]
rule disinf_align_assemblies_fa:
    input: /Users/algm/bin/LmonoPred/data/testset_input/List_001.fa
    output: /Users/algm/Benchmarking_paper_test/test_align/disinf_align_out/List_001_tblastxout.txt
    jobid: 3
    reason: Code has changed since last execution
    wildcards: sample=List_001
    resources: tmpdir=/var/folders/l4/zrzftwh119v2b4r9lzxqp9n80000gp/T

[Mon Oct 16 16:23:08 2023]
Finished job 3.
1 of 5 steps (20%) done
Select jobs to execute...

[Mon Oct 16 16:23:08 2023]
rule disinf_align_rawreads:
    input: /Users/algm/bin/LmonoPred/data/testset_input/List_002_R1.fastq.gz, /Users/algm/bin/LmonoPred/data/testset_input/List_002_R2.fastq.gz
    output: /Users/algm/Benchmarking_paper_test/test_align/disinf_align_out/List_002_kmaout.res
    jobid: 4
    reason: Code has changed since last execution
    wildcards: sample=List_002
    resources: tmpdir=/var/folders/l4/zrzftwh119v2b4r9lzxqp9n80000gp/T

[Mon Oct 16 16:23:56 2023]
Finished job 4.
2 of 5 steps (40%) done
Select jobs to execute...

[Mon Oct 16 16:23:56 2023]
rule disinf_parse_alignments:
    input: /Users/algm/Benchmarking_paper_test/test_align/disinf_align_out/List_001_tblastxout.txt, /Users/algm/Benchmarking_paper_test/test_align/disinf_align_out/List_002_kmaout.res
    output: /Users/algm/Benchmarking_paper_test/test_align/disinf_align_out/disinf_align_identities_out.csv
    jobid: 2
    reason: Input files updated by another job: /Users/algm/Benchmarking_paper_test/test_align/disinf_align_out/List_002_kmaout.res, /Users/algm/Benchmarking_paper_test/test_align/disinf_align_out/List_001_tblastxout.txt
    resources: tmpdir=/var/folders/l4/zrzftwh119v2b4r9lzxqp9n80000gp/T

[Mon Oct 16 16:23:58 2023]
Finished job 2.
3 of 5 steps (60%) done
Select jobs to execute...

[Mon Oct 16 16:23:58 2023]
rule predict_disinftolerance:
    input: /Users/algm/Benchmarking_paper_test/test_align/disinf_align_out/disinf_align_identities_out.csv
    output: /Users/algm/Benchmarking_paper_test/test_align/disinftolerance_prediction_out.csv
    jobid: 1
    reason: Missing output files: /Users/algm/Benchmarking_paper_test/test_align/disinftolerance_prediction_out.csv; Input files updated by another job: /Users/algm/Benchmarking_paper_test/test_align/disinf_align_out/disinf_align_identities_out.csv
    resources: tmpdir=/var/folders/l4/zrzftwh119v2b4r9lzxqp9n80000gp/T

[Mon Oct 16 16:24:00 2023]
Error in rule predict_disinftolerance:
    jobid: 1
    input: /Users/algm/Benchmarking_paper_test/test_align/disinf_align_out/disinf_align_identities_out.csv
    output: /Users/algm/Benchmarking_paper_test/test_align/disinftolerance_prediction_out.csv
    shell:
        python3 workflow/scripts/disinftolerance_prediction.py --disinf-align /Users/algm/Benchmarking_paper_test/test_align/disinf_align_out/disinf_align_identities_out.csv --outd /Users/algm/Benchmarking_paper_test/test_align
        (one of the commands exited with non-zero exit code; note that snakemake uses bash strict mode!)

Shutting down, this might take some time.
Exiting because a job execution failed. Look above for error message
Complete log: .snakemake/log/2023-10-16T161311.576779.snakemake.log
