Building DAG of jobs...
Using shell: /bin/bash
Provided cores: 1 (use --cores to define parallelism)
Rules claiming more threads will be scaled down.
Job stats:
job                    count
-------------------  -------
align_assemblies_fa        1
all                        1
parse_alignments           1
total                      3

Select jobs to execute...

[Sun Oct  8 23:12:26 2023]
rule align_assemblies_fa:
    input: /Users/algm/bin/LmonoPred/data/testset_input/List_001.fa
    output: /Users/algm/OneDrive - Danmarks Tekniske Universitet/PhD/Project/Benchmarking_paper/test/test_align/align_out/List_001_tblastxout.txt
    jobid: 2
    reason: Set of input files has changed since last execution
    wildcards: sample=List_001
    resources: tmpdir=/var/folders/l4/zrzftwh119v2b4r9lzxqp9n80000gp/T

[Sun Oct  8 23:12:34 2023]
Finished job 2.
1 of 3 steps (33%) done
Select jobs to execute...

[Sun Oct  8 23:12:34 2023]
rule parse_alignments:
    input: /Users/algm/OneDrive - Danmarks Tekniske Universitet/PhD/Project/Benchmarking_paper/test/test_align/align_out/List_001_tblastxout.txt
    output: /Users/algm/OneDrive - Danmarks Tekniske Universitet/PhD/Project/Benchmarking_paper/test/test_align/align_out/align_identities_out.csv
    jobid: 1
    reason: Missing output files: /Users/algm/OneDrive - Danmarks Tekniske Universitet/PhD/Project/Benchmarking_paper/test/test_align/align_out/align_identities_out.csv; Input files updated by another job: /Users/algm/OneDrive - Danmarks Tekniske Universitet/PhD/Project/Benchmarking_paper/test/test_align/align_out/List_001_tblastxout.txt
    resources: tmpdir=/var/folders/l4/zrzftwh119v2b4r9lzxqp9n80000gp/T

[Sun Oct  8 23:12:35 2023]
Error in rule parse_alignments:
    jobid: 1
    input: /Users/algm/OneDrive - Danmarks Tekniske Universitet/PhD/Project/Benchmarking_paper/test/test_align/align_out/List_001_tblastxout.txt
    output: /Users/algm/OneDrive - Danmarks Tekniske Universitet/PhD/Project/Benchmarking_paper/test/test_align/align_out/align_identities_out.csv
    shell:
        python3 workflow/scripts/parallel_parse_alignout.py /Users/algm/OneDrive - Danmarks Tekniske Universitet/PhD/Project/Benchmarking_paper/test/test_align/align_out/ data/databases/virulence_genes_nuc_database.fa align_identities_out.csv 1
        (one of the commands exited with non-zero exit code; note that snakemake uses bash strict mode!)

Shutting down, this might take some time.
Exiting because a job execution failed. Look above for error message
Complete log: .snakemake/log/2023-10-08T231226.349989.snakemake.log
