Building DAG of jobs...
Using shell: /bin/bash
Provided cores: 1 (use --cores to define parallelism)
Rules claiming more threads will be scaled down.
Job stats:
job               count
--------------  -------
align_rawreads        1
all                   1
total                 2

Select jobs to execute...

[Sun Oct 15 10:32:02 2023]
rule align_rawreads:
    input: /Users/algm/bin/LmonoPred/data/testset_input/List_002_R1.fastq.gz, /Users/algm/bin/LmonoPred/data/testset_input/List_002_R2.fastq.gz
    output: /Users/algm/Benchmarking_paper_test/test_align/align_out/List_002_kmaout.res
    jobid: 1
    reason: Missing output files: /Users/algm/Benchmarking_paper_test/test_align/align_out/List_002_kmaout.res
    wildcards: sample=List_002
    resources: tmpdir=/var/folders/l4/zrzftwh119v2b4r9lzxqp9n80000gp/T

[Sun Oct 15 10:32:07 2023]
Finished job 1.
1 of 2 steps (50%) done
Select jobs to execute...

[Sun Oct 15 10:32:07 2023]
localrule all:
    input: /Users/algm/Benchmarking_paper_test/test_align/align_out/List_002_kmaout.res
    jobid: 0
    reason: Input files updated by another job: /Users/algm/Benchmarking_paper_test/test_align/align_out/List_002_kmaout.res
    resources: tmpdir=/var/folders/l4/zrzftwh119v2b4r9lzxqp9n80000gp/T

[Sun Oct 15 10:32:07 2023]
Finished job 0.
2 of 2 steps (100%) done
Complete log: .snakemake/log/2023-10-15T103201.808488.snakemake.log
