Building DAG of jobs...
Using shell: /bin/bash
Provided cores: 1 (use --cores to define parallelism)
Rules claiming more threads will be scaled down.
Job stats:
job                        count
-----------------------  -------
all                            1
predict_disinftolerance        1
total                          2

Select jobs to execute...

[Mon Oct 16 19:35:42 2023]
rule predict_disinftolerance:
    input: /Users/algm/Benchmarking_paper_test/test_align/disinf_align_out/disinf_align_identities_out.csv
    output: /Users/algm/Benchmarking_paper_test/test_align/disinftolerance_prediction_out.csv
    jobid: 1
    reason: Missing output files: /Users/algm/Benchmarking_paper_test/test_align/disinftolerance_prediction_out.csv
    resources: tmpdir=/var/folders/l4/zrzftwh119v2b4r9lzxqp9n80000gp/T

[Mon Oct 16 19:35:44 2023]
Finished job 1.
1 of 2 steps (50%) done
Select jobs to execute...

[Mon Oct 16 19:35:44 2023]
localrule all:
    input: /Users/algm/Benchmarking_paper_test/test_align/disinftolerance_prediction_out.csv
    jobid: 0
    reason: Input files updated by another job: /Users/algm/Benchmarking_paper_test/test_align/disinftolerance_prediction_out.csv
    resources: tmpdir=/var/folders/l4/zrzftwh119v2b4r9lzxqp9n80000gp/T

[Mon Oct 16 19:35:44 2023]
Finished job 0.
2 of 2 steps (100%) done
Complete log: .snakemake/log/2023-10-16T193541.559279.snakemake.log
