Building DAG of jobs...
Using shell: /bin/bash
Provided cores: 1 (use --cores to define parallelism)
Rules claiming more threads will be scaled down.
Job stats:
job                    count
-------------------  -------
align_assemblies_fa        1
align_rawreads             1
all                        1
parse_alignments           1
predict_virulence          1
total                      5

Select jobs to execute...

[Mon Oct 16 15:50:48 2023]
rule align_assemblies_fa:
    input: /Users/algm/bin/LmonoPred/data/testset_input/List_001.fa
    output: /Users/algm/Benchmarking_paper_test/test_align/vir_align_out/List_001_tblastxout.txt
    jobid: 3
    reason: Missing output files: /Users/algm/Benchmarking_paper_test/test_align/vir_align_out/List_001_tblastxout.txt
    wildcards: sample=List_001
    resources: tmpdir=/var/folders/l4/zrzftwh119v2b4r9lzxqp9n80000gp/T

[Mon Oct 16 15:50:57 2023]
Finished job 3.
1 of 5 steps (20%) done
Select jobs to execute...

[Mon Oct 16 15:50:57 2023]
rule align_rawreads:
    input: /Users/algm/bin/LmonoPred/data/testset_input/List_002_R1.fastq.gz, /Users/algm/bin/LmonoPred/data/testset_input/List_002_R2.fastq.gz
    output: /Users/algm/Benchmarking_paper_test/test_align/vir_align_out/List_002_kmaout.res
    jobid: 4
    reason: Code has changed since last execution
    wildcards: sample=List_002
    resources: tmpdir=/var/folders/l4/zrzftwh119v2b4r9lzxqp9n80000gp/T

[Mon Oct 16 15:51:01 2023]
Finished job 4.
2 of 5 steps (40%) done
Select jobs to execute...

[Mon Oct 16 15:51:01 2023]
rule parse_alignments:
    input: /Users/algm/Benchmarking_paper_test/test_align/vir_align_out/List_001_tblastxout.txt, /Users/algm/Benchmarking_paper_test/test_align/vir_align_out/List_002_kmaout.res
    output: /Users/algm/Benchmarking_paper_test/test_align/vir_align_out/vir_align_identities_out.csv
    jobid: 2
    reason: Input files updated by another job: /Users/algm/Benchmarking_paper_test/test_align/vir_align_out/List_001_tblastxout.txt, /Users/algm/Benchmarking_paper_test/test_align/vir_align_out/List_002_kmaout.res
    resources: tmpdir=/var/folders/l4/zrzftwh119v2b4r9lzxqp9n80000gp/T

[Mon Oct 16 15:51:04 2023]
Finished job 2.
3 of 5 steps (60%) done
Select jobs to execute...

[Mon Oct 16 15:51:04 2023]
rule predict_virulence:
    input: /Users/algm/Benchmarking_paper_test/test_align/vir_align_out/vir_align_identities_out.csv
    output: /Users/algm/Benchmarking_paper_test/test_align/virulence_prediction_out.csv
    jobid: 1
    reason: Input files updated by another job: /Users/algm/Benchmarking_paper_test/test_align/vir_align_out/vir_align_identities_out.csv
    resources: tmpdir=/var/folders/l4/zrzftwh119v2b4r9lzxqp9n80000gp/T

[Mon Oct 16 15:51:44 2023]
Finished job 1.
4 of 5 steps (80%) done
Select jobs to execute...

[Mon Oct 16 15:51:44 2023]
localrule all:
    input: /Users/algm/Benchmarking_paper_test/test_align/virulence_prediction_out.csv
    jobid: 0
    reason: Input files updated by another job: /Users/algm/Benchmarking_paper_test/test_align/virulence_prediction_out.csv
    resources: tmpdir=/var/folders/l4/zrzftwh119v2b4r9lzxqp9n80000gp/T

[Mon Oct 16 15:51:44 2023]
Finished job 0.
5 of 5 steps (100%) done
Complete log: .snakemake/log/2023-10-16T155047.671870.snakemake.log
