Building DAG of jobs...
Using shell: /bin/bash
Provided cores: 1 (use --cores to define parallelism)
Rules claiming more threads will be scaled down.
Job stats:
job                    count
-------------------  -------
align_assemblies_fa        1
all                        1
parse_alignments           1
total                      3

Select jobs to execute...

[Sun Oct  8 23:35:25 2023]
rule align_assemblies_fa:
    input: /Users/algm/bin/LmonoPred/data/testset_input/List_001.fa
    output: /Users/algm/Benchmarking_paper_test/test_align/align_out/List_001_tblastxout.txt
    jobid: 2
    reason: Missing output files: /Users/algm/Benchmarking_paper_test/test_align/align_out/List_001_tblastxout.txt
    wildcards: sample=List_001
    resources: tmpdir=/var/folders/l4/zrzftwh119v2b4r9lzxqp9n80000gp/T

[Sun Oct  8 23:35:32 2023]
Finished job 2.
1 of 3 steps (33%) done
Select jobs to execute...

[Sun Oct  8 23:35:32 2023]
rule parse_alignments:
    input: /Users/algm/Benchmarking_paper_test/test_align/align_out/List_001_tblastxout.txt
    output: /Users/algm/Benchmarking_paper_test/test_align/align_out/align_identities_out.csv
    jobid: 1
    reason: Missing output files: /Users/algm/Benchmarking_paper_test/test_align/align_out/align_identities_out.csv; Input files updated by another job: /Users/algm/Benchmarking_paper_test/test_align/align_out/List_001_tblastxout.txt
    resources: tmpdir=/var/folders/l4/zrzftwh119v2b4r9lzxqp9n80000gp/T

Waiting at most 5 seconds for missing files.
MissingOutputException in rule parse_alignments in file /Users/algm/bin/LmonoPred/workflow/rules/align.smk, line 52:
Job 1  completed successfully, but some output files are missing. Missing files after 5 seconds. This might be due to filesystem latency. If that is the case, consider to increase the wait time with --latency-wait:
/Users/algm/Benchmarking_paper_test/test_align/align_out/align_identities_out.csv
Shutting down, this might take some time.
Exiting because a job execution failed. Look above for error message
Complete log: .snakemake/log/2023-10-08T233524.515987.snakemake.log
