Building DAG of jobs...
Using shell: /bin/bash
Provided cores: 1 (use --cores to define parallelism)
Rules claiming more threads will be scaled down.
Job stats:
job                 count
----------------  -------
all                     1
parse_alignments        1
total                   2

Select jobs to execute...

[Sun Oct  8 22:30:43 2023]
rule parse_alignments:
    input: /Users/algm/OneDrive - Danmarks Tekniske Universitet/PhD/Project/Benchmarking_paper/test/test_align/align_out/List_001_tblastxout.txt
    output: /Users/algm/OneDrive - Danmarks Tekniske Universitet/PhD/Project/Benchmarking_paper/test/test_align/align_out/align_identities_out.csv
    jobid: 1
    reason: Missing output files: /Users/algm/OneDrive - Danmarks Tekniske Universitet/PhD/Project/Benchmarking_paper/test/test_align/align_out/align_identities_out.csv
    resources: tmpdir=/var/folders/l4/zrzftwh119v2b4r9lzxqp9n80000gp/T

[Sun Oct  8 22:30:43 2023]
Error in rule parse_alignments:
    jobid: 1
    input: /Users/algm/OneDrive - Danmarks Tekniske Universitet/PhD/Project/Benchmarking_paper/test/test_align/align_out/List_001_tblastxout.txt
    output: /Users/algm/OneDrive - Danmarks Tekniske Universitet/PhD/Project/Benchmarking_paper/test/test_align/align_out/align_identities_out.csv
    shell:
        python3 workflow/scripts/parallel_parse_alignout.py /Users/algm/OneDrive - Danmarks Tekniske Universitet/PhD/Project/Benchmarking_paper/test/test_align/align_out/ data/databases/virulence_genes_nuc_database.fa align_identities_out.csv 1
        (one of the commands exited with non-zero exit code; note that snakemake uses bash strict mode!)

Shutting down, this might take some time.
Exiting because a job execution failed. Look above for error message
Complete log: .snakemake/log/2023-10-08T223042.502171.snakemake.log
