Building DAG of jobs...
Using shell: /bin/bash
Provided cores: 1 (use --cores to define parallelism)
Rules claiming more threads will be scaled down.
Job stats:
job               count
--------------  -------
align_rawreads        1
all                   1
total                 2

Select jobs to execute...

[Sun Oct 15 10:30:56 2023]
rule align_rawreads:
    input: /Users/algm/bin/LmonoPred/data/testset_input/List_002_R1.fastq.gz, /Users/algm/bin/LmonoPred/data/testset_input/List_002_R2.fastq.gz
    output: /Users/algm/Benchmarking_paper_test/test_align/align_out/List_002_kmaout.res
    jobid: 1
    reason: Missing output files: /Users/algm/Benchmarking_paper_test/test_align/align_out/List_002_kmaout.res
    wildcards: sample=List_002
    resources: tmpdir=/var/folders/l4/zrzftwh119v2b4r9lzxqp9n80000gp/T

[Sun Oct 15 10:30:56 2023]
Error in rule align_rawreads:
    jobid: 1
    input: /Users/algm/bin/LmonoPred/data/testset_input/List_002_R1.fastq.gz, /Users/algm/bin/LmonoPred/data/testset_input/List_002_R2.fastq.gz
    output: /Users/algm/Benchmarking_paper_test/test_align/align_out/List_002_kmaout.res
    shell:
        kma -ipe /Users/algm/bin/LmonoPred/data/testset_input/List_002_R1.fastq.gz /Users/algm/bin/LmonoPred/data/testset_input/List_002_R2.fastq.gz -o /Users/algm/Benchmarking_paper_test/test_alignalign_out/List_002_kmaout -t_db data/databases/kma_pangenome_virulence/kma_pangenome_nucleotide_finalmodel_featurefilt -1t1
        (one of the commands exited with non-zero exit code; note that snakemake uses bash strict mode!)

Shutting down, this might take some time.
Exiting because a job execution failed. Look above for error message
Complete log: .snakemake/log/2023-10-15T103055.461417.snakemake.log
